<mxfile userAgent="Mozilla/5.0 (Macintosh; Intel Mac OS X 10.12; rv:55.0) Gecko/20100101 Firefox/55.0" version="7.3.7" editor="www.draw.io" type="github"><diagram id="0e24ecb4-c971-53d8-77e6-e2d5066ec06a" name="Page-1">7Vxtc5s4EP41zLQfeoN4C3wMjnO9mbTTSXpzdx8VW7Z1lZEP5CS+X396AwPCie0YovTc8TRmERLa59nV7iLj+KPl0685XC2+0CkijudOnxz/yvE84LmA/xGSjZKEYaIE8xxPdaOt4A7/i7TQ1dI1nqKi0ZBRShheNYUTmmVowhoymOf0sdlsRklz1BWcI0NwN4HElP6Bp2yhpLF3sZV/Rni+KEcGkZ7fPZz8mOd0nenxHM+fyX/q9BKWfemJFgs4pY81kT92/FFOKVPflk8jRIRuS7Wp6653nK3uO0cZ2+cCX13wAMlaT/0aE4ZyfXdsU2qkeMRLAjN+lM5oxu70GcCPIcHzjH+f8DH5lX76gHKGuTIv9QlGV1w6WWAyvYEbuhZ3VjCuqfIoXdAc/8u7hUT3yU/nTPPCixot7sSVXOxyaY4K3uZbOV3QEn2BT42GN7BgWjChhMBVge+raSxhPsdZShmjS92onDTXCRlRQnOpixJRromm/Cocx1cBl2ulcjWgp53AgApubkaILhHLN7yJvsADobqktKBEM+Zxy0cQadmiwUVP24G2gXnVdzXcLbcZmM351A8aL+kYjoPTGA0K9mSQoVQYQVEnH/9Sm+lWJCnZTc/AoKfjpcKgMRIWfSn8wmaFDLZyvTPJopz+QCVCGVX0rYGmRSWDCZqxnfwtVnCCs/mNbCNh1pJbrQ0hovzaGZEWvcDTKcoE9yiDDCqiCVatKM6YVFeY8g9X6sj9JXRCfuMjfgy2x/wjmudsRDM+F4gldxBn8SMSTN6PaH430TZNAF/iVRvoOq0aCD8DJzjj2TueoTccnmEHnC3kCJaIKOTKtRQcBduSA0DQFqfvAsarT8DA0jex9DtwI/AekW+0wAxT0X+u2rbwHACyi3g/yOLXIxbtMEDe0YJOPwjj+3i2w1OAGg/pV10D1t8LEz2UTS9FcMyP6EqqkEt0kMWjBj+dwmKBptpAF2xZRmN8yvnmT6Fmrj99+JfWuhoFTY2AuhXpcEbxAAs9r7suZeWIQIYfmt0/E9x8EzSoBTZJK7AplVV2UdB1PkH6qnqo3OooCF/oSM3P6OiIsAd0OdaISOfUgDT6Zy0yBR27KsN1V0/8f4mMq+SfpKGJc0HtnLDlT9pCxTkdvld98m9z/VeOjGsCuBSWS8yj30QfMzhBlbh5SaNHrgbcHuU+NySlQGUm0uC3Hdy3m3PZqi1b5EJrZZZZThDsnutRWlZerlLzrr7NGVp8yyo4E3r/oNT/sfumW56m29O3loOaTxdrR5lZ1vyROL6GS0yEyX1G5AGJXpu+qc8czHUbFh+4HTlYV1IE3OQETr1rrX5rJ1CZ23e+UI4ILIp3aoutrOO7jHbexV3rUO3jSzf+U5pkDJomGSYX+4VZift6i+zMd6yxyNt1lsmG/ZrjFD90zrVUtrhn77n1j9+F7OOn5imoKryaqL7fsXYEHUSNTkFUq5cOVZs909VmugZBMiBdLwy6jp8YKsvHO1LYe0LFc4B6Dhupw2upY5md7pHEgkqFhyaxaj0YJIsF1QJWAhQemcaaPbmtnk6Xx5YVKzv9EPdAXynDPArs3w2dg9hzEFuZYBI1LRB4QUdw0FsUm1hulDe44M7/HBvYwtaLFluDIUPZcqz3U9pW9jVMVOAGLWyqNOPwsMB9qavTxQU+sNkF3THI0BcB8dkB2eCA/DbJq91Wgzggz2au8uUyRTOao/7rsGey7pVJt8nqxUOuluZ+PrvIejnjTc9ctYOrvvemXO3aDGYTV2/X5OxWLaFq2I5Oh6Wq+eCn1wJlIxGReclxqYi/Q6l9bLPZ6UsOzUT8+KWeTpiImA9K+gQWvENgw3b6fzSwUdKO45OkN2AHeaSwL3iDANVhN+A4oALD2fZYCrD6EYHY5SLCgHMUYEUUYFQCwgswYBRgdeFcUPUrXJ6pagdVjTpAFHvDUbXs11Kq4iUSv/s7M9UGphpVgGGZavWjABEz5hkkt0jFTmfKWkFZoxowLGXNJwJ2VAMaGWL8lrmIUQ2oAHp1NcDo6XS5SGBWz+2oBtgDrFENOBpYoxoQuaA3YM1S8/+uGhDF/nFAGdWAyO/NAsvXhNQB4fos3zZBc7agc8oX5PFWmk7W+UO1tUO+e0MeHbD982/E2EZjDNeMijWwGuqGyt8ZH7ZNVIcLSoGRacXhDibsjfrei5VZ4SzE/oYl0mDVdd1U3uMCM3S3gnIejzlcDZc8gdYOOc8t/c4Lr6MITrG+m3k+FI8tgbX6Stq+NO7YUNiXuiJTL6ey2X7tstxBXbfLYMfmrZPbZWhm6JJknrUkA247qEu8AVnmvleWdcRwCvwhWGZm15JlvsUsC9uuv+NXt72xzFTMyeOPjrC/ZwZ6HX4ueiUD5aU8UoabWgP9Bo6dQSnw3Ta4GsktPqrPowNIMze/l/vjLGa813qxxKCMDy/6Z3zH1uqeGe93+FxvKJ9rVhEUBS1e2n3whkt7GL3XpT3ooNmON9ucnmZmTUPRzN40ZfuTgjfJUzr2G45jJw2cS98ZB06ais84cRLfScfOOHIuY+cSOOPQSUdOfG2oVb8Mq6a7Q9+LtfONmdWrzrrAOgUSoF3Hi7vWnNBEwjscCX64faGpWtO3b431x/8B</diagram></mxfile>