<mxfile userAgent="Mozilla/5.0 (Macintosh; Intel Mac OS X 10.12; rv:55.0) Gecko/20100101 Firefox/55.0" version="7.3.7" editor="www.draw.io" type="github"><diagram id="0e24ecb4-c971-53d8-77e6-e2d5066ec06a" name="Page-1">7Vttb+I4EP41SLsfeorzQsnHQtvbk7qnqu3p7j4aYoi1Tsw5poX99TeO7ZA3WspCNl1RoRJP7LE9zzPjmQADb5Ksfxd4GX/lEWED14nWA+964LrIdRC8KclGS4Ig1IKFoJHptBU80u/ECB0jXdGIZJWOknMm6bIqnPE0JTNZkWEh+Eu125yz6qxLvCANweMMs6b0bxrJWEtH7uVW/oXQRWxnRkOzvymefVsIvkrNfAPXm+d/+naCrS6z0SzGEX8pibybgTcRnEt9lawnhCnbWrPpcbc77hbrFiSV+wzw9IBnzFZm67eUSSLM6uTGWiR7oQnDKbTGc57KR3MHQRszukjhegZzwkhv/EyEpGDMK3ND8iVIZzFl0R3e8JVaWSbBUrY1jrmg30EtZkYn3BbS8MIdVno8qpEgdkAqSAZ97u12UU30Fa8rHe9wJo1gxhnDy4xOi20kWCxoOuZS8sR0spsGm7AJZ1zktrCIgiWq8uvgZnTtg9wYFcxA1juBQQXc4EaEJ0SKDXQxA1wU6CHWg0LDmJctH9HQyOIKF13jB8YHFoXuYroH8BmcLmDr75ovbJkOwKnMhhV7UizJWDlBViYfXJR2uhXllGynp9+g58AdK4emRHn0lYoLmyVpsBXsLnMWCf6NWIRSrulbAs2ILIMZmcud/M2WeEbTxV3eJ4fZSB6MNZSIw9g5yz06plFEUsU9LrHEmmiKVUtOU5mbKxjDC4w6cX4LBgEsfAJttG3DS3UXcsJT2AumOXcIsPiFKCbvRzSvnWibKoBv8aoOdJlWFYRfgROd8Tw5noHbHZ5BC5w15BjNEdHI2bMUHQRbAgAwssXpScF4fYEaWHpNLL0W3BieEnbPMyopV/qF7lvDswPILkf7QTb6ccSGOxwQFMU8+qSc7/PZD48B6qjLuOo0YP0ra6JH0uhKJcfQ4svchCAxSRZkDd44wllMIuOgsUxsNgZbFpt/lJnBfqb5r7G6noVEjYS6lukAoyDBIq/brs1YgjAs6XNV/SvJzb2iQSmxCWuJjTWWVZHxlZgRM6qcKtcU+cEbivT+GooOSHtQW2Adsjw4VSAd/rdSlYLJXbXjOss1/M+RcbT8Inc0dc8v3VO+fGE8VN0z6XuhE64W5j2fmZYEOFGey5qtP5SOOZ6RQlwdUtEIZqD1WaaiIbECXZnkDr9VMK13B9myLouFspqtMu0G0e69HmRlHeUKM+/S3dxhj5eskzNl90/a/J/bF12LNO2RvnYclGK6OjtsZVmKR6p9ixPKlMt9IeyZKK3V2HTKGsxxKh7vOy01WFtRhJzwCEG97az+2UGgcLcnOCgnDGfZB/XFWtXxlGc7H2LVJlX7/NbCf0mXHKGqSwbh5X5pVuj8uEe21ju98ciHVZrmHU/rjhF9bt2rNbZas/va+QeryHX80jxFxRNeQ1TPazk7/BaiDo9B1F4fHfrZ7Jmufaar74cd0vWyQdebtST28fGOEnbKuPocoFzDDnXzNrdxXp3uUcSiwoTvLWL1edBJFYuKA8wCFBxYxjY1OTVNx6tj7ROrfsYhiEB/ckkhCzx9GDonsecktnDBcFj1QOT6LcnBybLYsOdOeUczCP7n3KAvbL2ssdXvMpW1c32cR9vav7rJChy/hk1RZrw/LXDeUnW8vMBDPQ9BDytGTv9k6xx/9ok/Xp3jxZetOok/bs+pOiZzLs5k7QlZUZ2s7qjLw7L5db5+kfVqDl3PXO0HVz33p3K17btgfeLqOQfoD1WDenLaLVWbn/uc9PlkpQ7Jy5LDKhFvh1FP8S2bnbHkvYWIN3pL0xHrkObnJKcEFn1AYIN69X8wsMOwnseH4cmA7eQThX3B6wSoFr9BhwHlN4Lt0Z4EQHP72xbdffsDIu/mfw==</diagram></mxfile>