<mxfile userAgent="Mozilla/5.0 (Macintosh; Intel Mac OS X 10.12; rv:55.0) Gecko/20100101 Firefox/55.0" version="7.3.7" editor="www.draw.io" type="github"><diagram id="0e24ecb4-c971-53d8-77e6-e2d5066ec06a" name="Page-1">7Vxtc9o4EP41zLQfcuP34I+BJNebSTudpDd391FgAZrKFieLBPrrb2XJBlsmIQRcpedOpkFreWXt8+xqd0078Mfp+neOlovPLMF04DnJeuBfDzzP9RwXfknJRknCMFaCOSeJnrQVPJAfWAsdLV2RBOe1iYIxKsiyLpyyLMNTUZMhztlTfdqM0fqqSzTHhuBhiqgp/YskYqGkQ+9yK/+EyXxRruxGen8TNP0+52yV6fUGnj8r/qjLKSp16Y3mC5Swpx2RfzPwx5wxoT6l6zGm0ral2dR9t3uuVs/NcSYOucFXNzwiutJbvyVUYK6fTmxKi+RPJKUog9FoxjLxoK+4MEaUzDP4PIU14U5/9Ii5IGDMK31BsCVIpwtCkzu0YSv5ZLkAS5Wj0YJx8gPUIqp1wmUuNC+8qDbjQd4JYgekHOcw52u5Xbch+ozWtYl3KBdaMGWUomVOJtU2UsTnJBsxIViqJ5WbBpvQMaOMF7YoEQVL1OXX4c3wOgC5NiqYAa/3AuNWcIMbYZZiwTcwRd/guaG6pfSgWDPmactHN9KyRY2LnvYD7QPzSne13D34DMrmsPVXrRe3LAfg1FZDkj0ZEngknSDfJR982NnpVlRQsp2egUHPgTeSDk2w9OgrGRc2S2ywFewuChZx9h2XCGVM0XcHNC0qGUzxTOzlb75EU5LN74o5Bcxacq+tIUUM7p3RwqMXJElwJrnHBBJIEU2yaslIJgpzhSP4AaOOnd/CQQgPPoaxux3Dj5zOxZhlsBdECu5gYPETlkw+jGh+O9E2dQBf4lUT6F1a1RB+Bk63x/PseIZed3iGLXA2kKOkQEQhV56l7lGwpQAAxVucvkkYry9cA0vfxNJvwY2iCaZfWU4EYVI/V3MbeHYA2eXwMMiGb0cs2uOAoGjBkg/S+T72fngKUIddxlXHgPXP3EQPZ8mVTI5hxJaFCUGikyzIGvxRgvIFTrSDLkRaZmOwZb75W5oZ7KeH/2irq1VwYiTUjUwHGAUJFn7edm3G4pgiQR7r6p9Jbr5KGuwkNnEjsSmNVarI2YpPsb5rN1VuKArCFxSp/RmKjkh73LbAGtEiONUgjf5dyUpB567KcZ3lGv4ukHGU/KJwNHkt2LkmfflCe6i8ptP3Sid8muvfxcpkR4BS6bnUHP0hdczQFFfi+i01jWAG0lxlwg1JKVCVSeHwWwWT5nSQLZuyBZdWK6vMcoPu/r0eZWUV5Soz79Nt7tDiR1bJmbT7B2X+j+0P3Yg07ZG+cRzsxHR5dpSV5U48kuNblBIqXe4Tpo9Yaq3HpnPWYI5T8/jAaanB2ooi14lPENTbzuqfHQQqd/sGB+WYojx/p77YqDq+FdnOu3hqnap9fOnBf0mXHLp1lwzjy8PSrNh5u0e21jvWeOT9KsuKied1x4Q8tu61NLZ8Zu+58w+eotDxS/PUrTq8mqi+33J2BC1EjU5BVKuPDtWb7elqM12DIO6QrpcGXW/WApft4z0l7IQy+R5gt4aN1PC2sHFRnR5QxLqVCV9bxKrzoJMq1q0OsBKg8Mgy1tTkNDSdro4tO1Z2xiGIQF+YIJAFnj8M9Ulsn8RWLhhHdQ90vaAlOThbFhtb7pR3JIfg3+cGtrD1ssHWoMtUtlzr/bS2lX91kxU4QQObqsx4fVrgvKTqdHmB79ocgh4EEvizhLgPQDYEIL9J8urbVp0EIM9mrsJxOcIzxvH5+7A9WQ+qpJtk9YZdnpbm9/nsIuvVDKb2XLWDq773U7na9mUwm7h6v6J9WLWEqmEzO+2WquaLn7M2KGuFSFGXHFeK+HuMeo6v2eyNJa+tRPzhS5pOWIiYL0rOCaz7DoENm+X/0cBGcTOPj+OzAdvJK4VDwesEqBa/cY8DKjCC7RlbAVa/IpDfcpFpQJ8FWJEFGJ2A8NLtMAuwunEuqfoFpT1V7aCq0QeIhl53VC31WkpVkmL57/56ptrAVKML0C1TrX4VIHNGniF6j1Xu1FPWCsoa3YBuKWu+EbCjG1CrEIc/sxYxugEVQG/uBhiaTleLBGb33I5ugD3AGt2Ao4E1ugGR454NWLPV/L/rBkRD/zigjG5A5J/KA2G4/a8u1PTt/yfi3/wH</diagram></mxfile>