<mxfile userAgent="Mozilla/5.0 (Macintosh; Intel Mac OS X 10.12; rv:55.0) Gecko/20100101 Firefox/55.0" version="7.3.7" editor="www.draw.io" type="github"><diagram id="0e24ecb4-c971-53d8-77e6-e2d5066ec06a" name="Page-1">7Vnbbts4EP0aA81DFrpYjv0YO8m2QAoESYrdfaQlWiJKiSpF3/r1Hd5kUZIT1028aZHAiM0jckjOOUPO2INwlm/+5qjMPrME00HgJZtBeDUIAj/wfHiTyFYjUTTRQMpJYjrtgAfyHRvQM+iSJLhyOgrGqCClC8asKHAsHAxxztZutwWj7qwlSnEHeIgR7aL/kERkGh0HFzv8IyZpZmf2R2Z/cxR/TTlbFma+QRAu1J9+nCNry2y0ylDC1g0ovB6EM86Y0J/yzQxT6VvrNj3uZs/Tet0cF+KQAaEesEJ0abZ+Q6jA3KxObK1HqjXJKSqgNV2wQjyYJz60ESVpAZ9jmBNGhtMV5oKAMy/NA8FKQOOM0OQWbdlSrqwS4CnbmmaMk+9gFlFjEx5zYXQRjJweD3IkwB6gHFfQ585u129Bn9HG6XiLKmGAmFGKyorM623kiKekmDIhWG462U2DT+iMUcaVLyyj4AkXv4qux1dDwI1TwQ14s5cYv6YbwgizHAu+hS5mQOBHeoiNoIlRzHqnR39ksMzRYmDiwMRAWtuup7uHmEFFClv/qfkmPdMBOc5sSKqnQAJPZRBUTfHBh8ZOd5CSZL88hx15DoKpDGiCZURfynNhW+KOWsHvQqmIs6/YMlQwLd8GaQayCqZ4IfbqtypRTIr0VvVRNBvk3nhDQgzGLqiK6IwkCS6k9phAAmmhSVWVjBRCuSuawgucOvP+igYRLHwGbX/XhpfszsWMFbAXRJR2MKh4jaWSDxNa2C+0rUvgc7pqE92UlcPwE3T673y+Op9RcDo+ox46W8xRohjRzNm71D+KthwIoHjH06Ok8erc73AZdrkMe3ijaI7pHauIIEza57pvi88TUHYxPoyy8a8zNtoTgGAoY8kHGXxn73H4EqSOT3mueh1av1Rd9nCRXMrkGFqsVC4ExCRZkDWE0wRVGU5MgGYit9kYbJlv/5VuBv+Z5n/G63oWnHQS6lamA4qCBAs/7bs+Z3FMkSAr1/wTyc2dlEEjsZm0EhvrLGuiYkseYzOqmSq3DA2jZwzp/XUMHZH2+H0H64iqw8mhdPRtKSsFk7vqwPXKDfxXzHgaP1eBJp8NG89kLJ+bCJXPTPpe24RPqXlXM5MGgHIZubTb+iRtLFCMa9gd4lgEN5D2LHPeQSygKxMV8DsD83Z3wMo2lnHpNVtl2g36+/d6lJf1KVe7eZ/t7g7f8JJ1cib9/kG7/6x/0a2Tpv+kb10HjTNd3h22smycR7J9g3JCZch9xHSFpVX3bHrNGszznIgfej01WF9R5HuTFzjU++7q//sQqMPtES7KGUVV9ZvGYqvqeFTZzm+xapOqnT238D8yJMe+G5LR5OKwNGvi/XpE9tY7byYi75dFoTq+bjgmZNW7V+tsuebgqfsPVqFs/NE69etveI1Qw7Dn7hj2CHX0EkJ901eH/m72Xa5vWa7D4eSEcr3oyPV6I7D9+nhPCTunTP4O0KxhR7p5o3ysqtMDili/duHPFrH6PjhJFevXF5glKDqyjO1a8lqWjq5jobn75Up33/08GF7/AA==</diagram></mxfile>